app/build/outputs/logs/manifest-merger-release-report.txt
-- Merging decision tree log ---
manifest
ADDED from AndroidManifest.xml:2:1
	package
		ADDED from AndroidManifest.xml:3:5
		INJECTED from AndroidManifest.xml:0:0
		INJECTED from AndroidManifest.xml:0:0
	android:versionName
		ADDED from AndroidManifest.xml:5:5
	android:versionCode
		ADDED from AndroidManifest.xml:4:5
		INJECTED from AndroidManifest.xml:0:0
		INJECTED from AndroidManifest.xml:0:0
	xmlns:android
		ADDED from AndroidManifest.xml:2:11
uses-sdk
ADDED from AndroidManifest.xml:7:5
	android:targetSdkVersion
		INJECTED from AndroidManifest.xml:0:0
		INJECTED from AndroidManifest.xml:0:0
	android:minSdkVersion
		ADDED from AndroidManifest.xml:7:15
		INJECTED from AndroidManifest.xml:0:0
		INJECTED from AndroidManifest.xml:0:0
application
ADDED from AndroidManifest.xml:9:5
	android:label
		ADDED from AndroidManifest.xml:11:9
	android:icon
		ADDED from AndroidManifest.xml:10:9
activity#in.ac.srmuniv.SRM_UIExamplesActivity
ADDED from AndroidManifest.xml:12:9
	android:label
		ADDED from AndroidManifest.xml:14:13
	android:name
		ADDED from AndroidManifest.xml:13:13
intent-filter#android.intent.action.MAIN+android.intent.category.LAUNCHER
ADDED from AndroidManifest.xml:15:13
action#android.intent.action.MAIN
ADDED from AndroidManifest.xml:16:17
	android:name
		ADDED from AndroidManifest.xml:16:25
category#android.intent.category.LAUNCHER
ADDED from AndroidManifest.xml:18:17
	android:name
		ADDED from AndroidManifest.xml:18:27
activity#in.ac.srmuniv.AndroidViews.BasicViewsExample
ADDED from AndroidManifest.xml:21:17
	android:name
		ADDED from AndroidManifest.xml:21:27
activity#in.ac.srmuniv.AndroidViews.AutoCompleteExample
ADDED from AndroidManifest.xml:23:17
	android:label
		ADDED from AndroidManifest.xml:24:19
	android:name
		ADDED from AndroidManifest.xml:23:27
activity#in.ac.srmuniv.AndroidViews.DateTimePickerExample
ADDED from AndroidManifest.xml:25:17
	android:label
		ADDED from AndroidManifest.xml:26:19
	android:name
		ADDED from AndroidManifest.xml:25:27
activity#in.ac.srmuniv.AndroidViews.DisplayViewsExample
ADDED from AndroidManifest.xml:27:33
	android:label
		ADDED from AndroidManifest.xml:28:19
	android:name
		ADDED from AndroidManifest.xml:27:43
activity#in.ac.srmuniv.AndroidViews.ListViewExample
ADDED from AndroidManifest.xml:30:18
	android:label
		ADDED from AndroidManifest.xml:31:19
	android:name
		ADDED from AndroidManifest.xml:30:28